Using pre-set license
Built from '2020.3/staging' branch; Version is '2020.3.10f1 (297d780c91bc) revision 2719096'; Using compiler version '192528614'; Build Type 'Release'
OS: 'Windows 10 Education; OS build 17134.1845; Version 1803; 64bit' Language: 'sv' Physical Memory: 16241 MB
BatchMode: 1, IsHumanControllingUs: 0, StartBugReporterOnCrash: 0, Is64bit: 1, IsPro: 0

 COMMAND LINE ARGUMENTS:
C:\Program Files\Unity\Hub\Editor\2020.3.10f1\Editor\Unity.exe
-adb2
-batchMode
-noUpm
-name
AssetImportWorker0
-projectPath
D:/Mina Unity Projekt/Juicy Space Shooter
-logFile
Logs/AssetImportWorker0.log
-srvPort
59443
Successfully changed project path to: D:/Mina Unity Projekt/Juicy Space Shooter
D:/Mina Unity Projekt/Juicy Space Shooter
Using Asset Import Pipeline V2.
Refreshing native plugins compatible for Editor in 38.79 ms, found 2 plugins.
Preloading 0 native plugins for Editor in 0.00 ms.
Initialize engine version: 2020.3.10f1 (297d780c91bc)
[Subsystems] Discovering subsystems at path C:/Program Files/Unity/Hub/Editor/2020.3.10f1/Editor/Data/Resources/UnitySubsystems
[Subsystems] Discovering subsystems at path D:/Mina Unity Projekt/Juicy Space Shooter/Assets
GfxDevice: creating device client; threaded=0
Direct3D:
    Version:  Direct3D 11.0 [level 11.1]
    Renderer: NVIDIA Quadro P600 (ID=0x1cbc)
    Vendor:   
    VRAM:     4024 MB
    Driver:   25.21.14.2545
Initialize mono
Mono path[0] = 'C:/Program Files/Unity/Hub/Editor/2020.3.10f1/Editor/Data/Managed'
Mono path[1] = 'C:/Program Files/Unity/Hub/Editor/2020.3.10f1/Editor/Data/MonoBleedingEdge/lib/mono/unityjit'
Mono config path = 'C:/Program Files/Unity/Hub/Editor/2020.3.10f1/Editor/Data/MonoBleedingEdge/etc'
Using monoOptions --debugger-agent=transport=dt_socket,embedding=1,server=y,suspend=n,address=127.0.0.1:56180
Begin MonoManager ReloadAssembly
Registering precompiled unity dll's ...
Register platform support module: C:/Program Files/Unity/Hub/Editor/2020.3.10f1/Editor/Data/PlaybackEngines/MacStandaloneSupport/UnityEditor.OSXStandalone.Extensions.dll
Register platform support module: C:/Program Files/Unity/Hub/Editor/2020.3.10f1/Editor/Data/PlaybackEngines/WindowsStandaloneSupport/UnityEditor.WindowsStandalone.Extensions.dll
Registered in 0.001983 seconds.
Native extension for WindowsStandalone target not found
Native extension for OSXStandalone target not found
Refreshing native plugins compatible for Editor in 30.55 ms, found 2 plugins.
Preloading 0 native plugins for Editor in 0.00 ms.
Mono: successfully reloaded assembly
- Completed reload, in  2.275 seconds
Platform modules already initialized, skipping
Registering precompiled user dll's ...
Registered in 0.003282 seconds.
Begin MonoManager ReloadAssembly
Native extension for WindowsStandalone target not found
Native extension for OSXStandalone target not found
Refreshing native plugins compatible for Editor in 0.29 ms, found 2 plugins.
Preloading 0 native plugins for Editor in 0.00 ms.
Mono: successfully reloaded assembly
- Completed reload, in  1.154 seconds
Platform modules already initialized, skipping
========================================================================
Worker process is ready to serve import requests
Launched and connected shader compiler UnityShaderCompiler.exe after 0.04 seconds
Refreshing native plugins compatible for Editor in 0.44 ms, found 2 plugins.
Preloading 0 native plugins for Editor in 0.00 ms.
Unloading 1387 Unused Serialized files (Serialized files now loaded: 0)
System memory in use before: 64.7 MB.
System memory in use after: 64.7 MB.

Unloading 19 unused Assets to reduce memory usage. Loaded Objects now: 1820.
Total: 1.943113 ms (FindLiveObjects: 0.145333 ms CreateObjectMapping: 0.047556 ms MarkObjects: 1.667557 ms  DeleteObjects: 0.081778 ms)

========================================================================
Received Import Request.
  path: Assets/Billet.prefab
  artifactKey: Guid(c06afc54502e99346a1066bbe80cc553) Importer(815301076,1909f56bfc062723c751e8b465ee728b)
Start importing Assets/Billet.prefab using Guid(c06afc54502e99346a1066bbe80cc553) Importer(815301076,1909f56bfc062723c751e8b465ee728b)  -> (artifact id: '6fe72a36294417565773506f4ae98cad') in 0.121093 seconds
  Import took 0.124027 seconds .

========================================================================
Received Import Request.
  Time since last request: 4.581897 seconds.
  path: Assets/Billet.prefab
  artifactKey: Guid(c06afc54502e99346a1066bbe80cc553) Importer(815301076,1909f56bfc062723c751e8b465ee728b)
Start importing Assets/Billet.prefab using Guid(c06afc54502e99346a1066bbe80cc553) Importer(815301076,1909f56bfc062723c751e8b465ee728b)  -> (artifact id: '694252b597d9d004efa0c24bd3438b65') in 0.007276 seconds
  Import took 0.030609 seconds .

========================================================================
Received Import Request.
  Time since last request: 0.004520 seconds.
  path: Assets/Billet.prefab
  artifactKey: Guid(c06afc54502e99346a1066bbe80cc553) Importer(815301076,1909f56bfc062723c751e8b465ee728b)
Start importing Assets/Billet.prefab using Guid(c06afc54502e99346a1066bbe80cc553) Importer(815301076,1909f56bfc062723c751e8b465ee728b)  -> (artifact id: '694252b597d9d004efa0c24bd3438b65') in 0.006387 seconds
  Import took 0.010868 seconds .

========================================================================
Received Import Request.
  Time since last request: 2.543679 seconds.
  path: Assets/Billet.prefab
  artifactKey: Guid(c06afc54502e99346a1066bbe80cc553) Importer(815301076,1909f56bfc062723c751e8b465ee728b)
Start importing Assets/Billet.prefab using Guid(c06afc54502e99346a1066bbe80cc553) Importer(815301076,1909f56bfc062723c751e8b465ee728b)  -> (artifact id: 'a68726bfd843c4228366565ea213548c') in 0.006706 seconds
  Import took 0.037511 seconds .

========================================================================
Received Prepare
Registering precompiled user dll's ...
Registered in 0.003502 seconds.
Begin MonoManager ReloadAssembly
Native extension for WindowsStandalone target not found
Native extension for OSXStandalone target not found
Refreshing native plugins compatible for Editor in 0.29 ms, found 2 plugins.
Preloading 0 native plugins for Editor in 0.00 ms.
Mono: successfully reloaded assembly
- Completed reload, in  0.970 seconds
Platform modules already initialized, skipping
Refreshing native plugins compatible for Editor in 0.29 ms, found 2 plugins.
Preloading 0 native plugins for Editor in 0.00 ms.
Unloading 1382 Unused Serialized files (Serialized files now loaded: 0)
System memory in use before: 67.8 MB.
System memory in use after: 67.8 MB.

Unloading 15 unused Assets to reduce memory usage. Loaded Objects now: 1831.
Total: 1.730224 ms (FindLiveObjects: 0.122222 ms CreateObjectMapping: 0.040889 ms MarkObjects: 1.519557 ms  DeleteObjects: 0.046222 ms)

========================================================================
Received Import Request.
  Time since last request: 59.134646 seconds.
  path: ProjectSettings/TagManager.asset
  artifactKey: Guid(00000000000000003000000000000000) Importer(815301076,1909f56bfc062723c751e8b465ee728b)
Start importing ProjectSettings/TagManager.asset using Guid(00000000000000003000000000000000) Importer(815301076,1909f56bfc062723c751e8b465ee728b)  -> (artifact id: 'ce6a35c3cddc746e7501c0bd0ed6d4ce') in 0.012521 seconds
  Import took 0.060542 seconds .

========================================================================
Received Prepare
Registering precompiled user dll's ...
Registered in 0.005037 seconds.
Begin MonoManager ReloadAssembly
Native extension for WindowsStandalone target not found
Native extension for OSXStandalone target not found
Refreshing native plugins compatible for Editor in 0.32 ms, found 2 plugins.
Preloading 0 native plugins for Editor in 0.00 ms.
Mono: successfully reloaded assembly
- Completed reload, in  1.022 seconds
Platform modules already initialized, skipping
Refreshing native plugins compatible for Editor in 0.31 ms, found 2 plugins.
Preloading 0 native plugins for Editor in 0.00 ms.
Unloading 1382 Unused Serialized files (Serialized files now loaded: 0)
System memory in use before: 67.8 MB.
System memory in use after: 67.9 MB.

Unloading 15 unused Assets to reduce memory usage. Loaded Objects now: 1834.
Total: 1.894668 ms (FindLiveObjects: 0.126667 ms CreateObjectMapping: 0.041333 ms MarkObjects: 1.643557 ms  DeleteObjects: 0.081333 ms)

========================================================================
Received Import Request.
  Time since last request: 49.750359 seconds.
  path: Assets/Billet.prefab
  artifactKey: Guid(c06afc54502e99346a1066bbe80cc553) Importer(815301076,1909f56bfc062723c751e8b465ee728b)
Start importing Assets/Billet.prefab using Guid(c06afc54502e99346a1066bbe80cc553) Importer(815301076,1909f56bfc062723c751e8b465ee728b)  -> (artifact id: 'a8b61e1c83c8c962854f300c376d9b97') in 0.060053 seconds
  Import took 0.095127 seconds .

========================================================================
Received Prepare
Registering precompiled user dll's ...
Registered in 0.005320 seconds.
Begin MonoManager ReloadAssembly
Native extension for WindowsStandalone target not found
Native extension for OSXStandalone target not found
Refreshing native plugins compatible for Editor in 0.75 ms, found 2 plugins.
Preloading 0 native plugins for Editor in 0.00 ms.
Mono: successfully reloaded assembly
- Completed reload, in  1.909 seconds
Platform modules already initialized, skipping
Refreshing native plugins compatible for Editor in 0.58 ms, found 2 plugins.
Preloading 0 native plugins for Editor in 0.00 ms.
Unloading 1382 Unused Serialized files (Serialized files now loaded: 0)
System memory in use before: 67.8 MB.
System memory in use after: 67.9 MB.

Unloading 15 unused Assets to reduce memory usage. Loaded Objects now: 1838.
Total: 3.883115 ms (FindLiveObjects: 0.210667 ms CreateObjectMapping: 0.080000 ms MarkObjects: 3.512448 ms  DeleteObjects: 0.078222 ms)

========================================================================
Received Prepare
Registering precompiled user dll's ...
Registered in 0.003124 seconds.
Begin MonoManager ReloadAssembly
Native extension for WindowsStandalone target not found
Native extension for OSXStandalone target not found
Refreshing native plugins compatible for Editor in 0.31 ms, found 2 plugins.
Preloading 0 native plugins for Editor in 0.00 ms.
Mono: successfully reloaded assembly
- Completed reload, in  1.001 seconds
Platform modules already initialized, skipping
Refreshing native plugins compatible for Editor in 0.29 ms, found 2 plugins.
Preloading 0 native plugins for Editor in 0.00 ms.
Unloading 1382 Unused Serialized files (Serialized files now loaded: 0)
System memory in use before: 67.8 MB.
System memory in use after: 67.9 MB.

Unloading 14 unused Assets to reduce memory usage. Loaded Objects now: 1841.
Total: 1.816002 ms (FindLiveObjects: 0.140000 ms CreateObjectMapping: 0.045333 ms MarkObjects: 1.580890 ms  DeleteObjects: 0.048444 ms)

========================================================================
Received Prepare
Registering precompiled user dll's ...
Registered in 0.002992 seconds.
Begin MonoManager ReloadAssembly
Native extension for WindowsStandalone target not found
Native extension for OSXStandalone target not found
Refreshing native plugins compatible for Editor in 0.30 ms, found 2 plugins.
Preloading 0 native plugins for Editor in 0.00 ms.
Mono: successfully reloaded assembly
- Completed reload, in  0.894 seconds
Platform modules already initialized, skipping
Refreshing native plugins compatible for Editor in 0.28 ms, found 2 plugins.
Preloading 0 native plugins for Editor in 0.00 ms.
Unloading 1382 Unused Serialized files (Serialized files now loaded: 0)
System memory in use before: 67.8 MB.
System memory in use after: 67.9 MB.

Unloading 14 unused Assets to reduce memory usage. Loaded Objects now: 1844.
Total: 1.780446 ms (FindLiveObjects: 0.139556 ms CreateObjectMapping: 0.037333 ms MarkObjects: 1.554668 ms  DeleteObjects: 0.047556 ms)

========================================================================
Received Prepare
Registering precompiled user dll's ...
Registered in 0.002701 seconds.
Begin MonoManager ReloadAssembly
Native extension for WindowsStandalone target not found
Native extension for OSXStandalone target not found
Refreshing native plugins compatible for Editor in 0.31 ms, found 2 plugins.
Preloading 0 native plugins for Editor in 0.00 ms.
Mono: successfully reloaded assembly
- Completed reload, in  0.906 seconds
Platform modules already initialized, skipping
Refreshing native plugins compatible for Editor in 0.26 ms, found 2 plugins.
Preloading 0 native plugins for Editor in 0.00 ms.
Unloading 1382 Unused Serialized files (Serialized files now loaded: 0)
System memory in use before: 67.8 MB.
System memory in use after: 67.9 MB.

Unloading 14 unused Assets to reduce memory usage. Loaded Objects now: 1847.
Total: 1.791557 ms (FindLiveObjects: 0.138667 ms CreateObjectMapping: 0.036000 ms MarkObjects: 1.570668 ms  DeleteObjects: 0.045778 ms)

========================================================================
Received Prepare
Registering precompiled user dll's ...
Registered in 0.002716 seconds.
Begin MonoManager ReloadAssembly
Native extension for WindowsStandalone target not found
Native extension for OSXStandalone target not found
Refreshing native plugins compatible for Editor in 0.32 ms, found 2 plugins.
Preloading 0 native plugins for Editor in 0.00 ms.
Mono: successfully reloaded assembly
- Completed reload, in  0.924 seconds
Platform modules already initialized, skipping
Refreshing native plugins compatible for Editor in 0.29 ms, found 2 plugins.
Preloading 0 native plugins for Editor in 0.00 ms.
Unloading 1382 Unused Serialized files (Serialized files now loaded: 0)
System memory in use before: 67.8 MB.
System memory in use after: 67.9 MB.

Unloading 14 unused Assets to reduce memory usage. Loaded Objects now: 1850.
Total: 1.671557 ms (FindLiveObjects: 0.143111 ms CreateObjectMapping: 0.046667 ms MarkObjects: 1.437335 ms  DeleteObjects: 0.043111 ms)

========================================================================
Received Prepare
Registering precompiled user dll's ...
Registered in 0.006143 seconds.
Begin MonoManager ReloadAssembly
Native extension for WindowsStandalone target not found
Native extension for OSXStandalone target not found
Refreshing native plugins compatible for Editor in 0.40 ms, found 2 plugins.
Preloading 0 native plugins for Editor in 0.00 ms.
Mono: successfully reloaded assembly
- Completed reload, in  1.336 seconds
Platform modules already initialized, skipping
Refreshing native plugins compatible for Editor in 0.38 ms, found 2 plugins.
Preloading 0 native plugins for Editor in 0.00 ms.
Unloading 1382 Unused Serialized files (Serialized files now loaded: 0)
System memory in use before: 67.9 MB.
System memory in use after: 67.9 MB.

Unloading 14 unused Assets to reduce memory usage. Loaded Objects now: 1853.
Total: 2.512447 ms (FindLiveObjects: 0.196000 ms CreateObjectMapping: 0.058222 ms MarkObjects: 2.183113 ms  DeleteObjects: 0.073778 ms)

========================================================================
Received Import Request.
  Time since last request: 417.858624 seconds.
  path: Assets
  artifactKey: Guid(00000000000000001000000000000000) Importer(815301076,1909f56bfc062723c751e8b465ee728b)
Start importing Assets using Guid(00000000000000001000000000000000) Importer(815301076,1909f56bfc062723c751e8b465ee728b)  -> (artifact id: '42d402b061de3733987d63b9cc3b64de') in 0.004944 seconds
  Import took 0.031564 seconds .

========================================================================
Received Import Request.
  Time since last request: 9.034465 seconds.
  path: Assets/Brun.mat
  artifactKey: Guid(7fd4afc24747dae4fa3fec8523838879) Importer(815301076,1909f56bfc062723c751e8b465ee728b)
Start importing Assets/Brun.mat using Guid(7fd4afc24747dae4fa3fec8523838879) Importer(815301076,1909f56bfc062723c751e8b465ee728b)  -> (artifact id: '0f59839fa98dc62a88a200b7f4f31680') in 0.105997 seconds
  Import took 0.108278 seconds .

========================================================================
Received Prepare
Registering precompiled user dll's ...
Registered in 0.002768 seconds.
Begin MonoManager ReloadAssembly
Native extension for WindowsStandalone target not found
Native extension for OSXStandalone target not found
Refreshing native plugins compatible for Editor in 0.30 ms, found 2 plugins.
Preloading 0 native plugins for Editor in 0.00 ms.
Mono: successfully reloaded assembly
- Completed reload, in  0.909 seconds
Platform modules already initialized, skipping
Refreshing native plugins compatible for Editor in 0.27 ms, found 2 plugins.
Preloading 0 native plugins for Editor in 0.00 ms.
Unloading 1382 Unused Serialized files (Serialized files now loaded: 0)
System memory in use before: 68.1 MB.
System memory in use after: 68.2 MB.

Unloading 14 unused Assets to reduce memory usage. Loaded Objects now: 1890.
Total: 1.767113 ms (FindLiveObjects: 0.132889 ms CreateObjectMapping: 0.039556 ms MarkObjects: 1.550224 ms  DeleteObjects: 0.043556 ms)

========================================================================
Received Prepare
Registering precompiled user dll's ...
Registered in 0.002832 seconds.
Begin MonoManager ReloadAssembly
Native extension for WindowsStandalone target not found
Native extension for OSXStandalone target not found
Refreshing native plugins compatible for Editor in 0.33 ms, found 2 plugins.
Preloading 0 native plugins for Editor in 0.00 ms.
Mono: successfully reloaded assembly
- Completed reload, in  0.946 seconds
Platform modules already initialized, skipping
Refreshing native plugins compatible for Editor in 0.30 ms, found 2 plugins.
Preloading 0 native plugins for Editor in 0.00 ms.
Unloading 1382 Unused Serialized files (Serialized files now loaded: 0)
System memory in use before: 68.1 MB.
System memory in use after: 68.2 MB.

Unloading 14 unused Assets to reduce memory usage. Loaded Objects now: 1893.
Total: 2.234224 ms (FindLiveObjects: 0.166222 ms CreateObjectMapping: 0.048000 ms MarkObjects: 1.967557 ms  DeleteObjects: 0.051556 ms)

========================================================================
Received Prepare
Registering precompiled user dll's ...
Registered in 0.003584 seconds.
Begin MonoManager ReloadAssembly
Native extension for WindowsStandalone target not found
Native extension for OSXStandalone target not found
Refreshing native plugins compatible for Editor in 0.28 ms, found 2 plugins.
Preloading 0 native plugins for Editor in 0.00 ms.
Mono: successfully reloaded assembly
- Completed reload, in  0.939 seconds
Platform modules already initialized, skipping
Refreshing native plugins compatible for Editor in 0.27 ms, found 2 plugins.
Preloading 0 native plugins for Editor in 0.00 ms.
Unloading 1382 Unused Serialized files (Serialized files now loaded: 0)
System memory in use before: 68.1 MB.
System memory in use after: 68.2 MB.

Unloading 14 unused Assets to reduce memory usage. Loaded Objects now: 1896.
Total: 1.692890 ms (FindLiveObjects: 0.156889 ms CreateObjectMapping: 0.038222 ms MarkObjects: 1.453335 ms  DeleteObjects: 0.042667 ms)

========================================================================
Received Prepare
Registering precompiled user dll's ...
Registered in 0.003047 seconds.
Begin MonoManager ReloadAssembly
Native extension for WindowsStandalone target not found
Native extension for OSXStandalone target not found
Refreshing native plugins compatible for Editor in 0.28 ms, found 2 plugins.
Preloading 0 native plugins for Editor in 0.00 ms.
Mono: successfully reloaded assembly
- Completed reload, in  0.880 seconds
Platform modules already initialized, skipping
Refreshing native plugins compatible for Editor in 0.30 ms, found 2 plugins.
Preloading 0 native plugins for Editor in 0.00 ms.
Unloading 1382 Unused Serialized files (Serialized files now loaded: 0)
System memory in use before: 68.1 MB.
System memory in use after: 68.2 MB.

Unloading 14 unused Assets to reduce memory usage. Loaded Objects now: 1899.
Total: 1.760890 ms (FindLiveObjects: 0.138222 ms CreateObjectMapping: 0.041333 ms MarkObjects: 1.518224 ms  DeleteObjects: 0.062667 ms)

========================================================================
Received Prepare
Registering precompiled user dll's ...
Registered in 0.002759 seconds.
Begin MonoManager ReloadAssembly
Native extension for WindowsStandalone target not found
Native extension for OSXStandalone target not found
Refreshing native plugins compatible for Editor in 0.32 ms, found 2 plugins.
Preloading 0 native plugins for Editor in 0.00 ms.
Mono: successfully reloaded assembly
- Completed reload, in  0.925 seconds
Platform modules already initialized, skipping
Refreshing native plugins compatible for Editor in 0.27 ms, found 2 plugins.
Preloading 0 native plugins for Editor in 0.00 ms.
Unloading 1382 Unused Serialized files (Serialized files now loaded: 0)
System memory in use before: 68.1 MB.
System memory in use after: 68.2 MB.

Unloading 14 unused Assets to reduce memory usage. Loaded Objects now: 1902.
Total: 2.030668 ms (FindLiveObjects: 0.153333 ms CreateObjectMapping: 0.035111 ms MarkObjects: 1.793335 ms  DeleteObjects: 0.048000 ms)

========================================================================
Received Prepare
Registering precompiled user dll's ...
Registered in 0.003244 seconds.
Begin MonoManager ReloadAssembly
Native extension for WindowsStandalone target not found
Native extension for OSXStandalone target not found
Refreshing native plugins compatible for Editor in 0.29 ms, found 2 plugins.
Preloading 0 native plugins for Editor in 0.00 ms.
Mono: successfully reloaded assembly
- Completed reload, in  0.856 seconds
Platform modules already initialized, skipping
Refreshing native plugins compatible for Editor in 0.28 ms, found 2 plugins.
Preloading 0 native plugins for Editor in 0.00 ms.
Unloading 1382 Unused Serialized files (Serialized files now loaded: 0)
System memory in use before: 68.1 MB.
System memory in use after: 68.2 MB.

Unloading 14 unused Assets to reduce memory usage. Loaded Objects now: 1905.
Total: 1.963557 ms (FindLiveObjects: 0.142667 ms CreateObjectMapping: 0.034667 ms MarkObjects: 1.734224 ms  DeleteObjects: 0.050667 ms)

========================================================================
Received Import Request.
  Time since last request: 743.182137 seconds.
  path: Assets/Grön.mat
  artifactKey: Guid(b3bfdde632aba2e4c98e49e5f7743ccc) Importer(815301076,1909f56bfc062723c751e8b465ee728b)
Start importing Assets/Grön.mat using Guid(b3bfdde632aba2e4c98e49e5f7743ccc) Importer(815301076,1909f56bfc062723c751e8b465ee728b)  -> (artifact id: '21729eca7cfa541d07b8b5efeaa4327f') in 0.056120 seconds
  Import took 0.077964 seconds .

========================================================================
Received Import Request.
  Time since last request: 66.968104 seconds.
  path: Assets/Alien.prefab
  artifactKey: Guid(f33c91ce2b51a324f8aa142e3e58ba8e) Importer(815301076,1909f56bfc062723c751e8b465ee728b)
Start importing Assets/Alien.prefab using Guid(f33c91ce2b51a324f8aa142e3e58ba8e) Importer(815301076,1909f56bfc062723c751e8b465ee728b)  -> (artifact id: '7d2a91a97cd6d22aca3beb84326aeb0a') in 0.013838 seconds
  Import took 0.036058 seconds .

========================================================================
Received Prepare
Registering precompiled user dll's ...
Registered in 0.002685 seconds.
Begin MonoManager ReloadAssembly
Native extension for WindowsStandalone target not found
Native extension for OSXStandalone target not found
Refreshing native plugins compatible for Editor in 0.44 ms, found 2 plugins.
Preloading 0 native plugins for Editor in 0.00 ms.
Mono: successfully reloaded assembly
- Completed reload, in  0.822 seconds
Platform modules already initialized, skipping
Refreshing native plugins compatible for Editor in 0.26 ms, found 2 plugins.
Preloading 0 native plugins for Editor in 0.00 ms.
Unloading 1382 Unused Serialized files (Serialized files now loaded: 0)
System memory in use before: 68.1 MB.
System memory in use after: 68.2 MB.

Unloading 14 unused Assets to reduce memory usage. Loaded Objects now: 1910.
Total: 2.084446 ms (FindLiveObjects: 0.137778 ms CreateObjectMapping: 0.033778 ms MarkObjects: 1.820446 ms  DeleteObjects: 0.092000 ms)

========================================================================
Received Import Request.
  Time since last request: 1616.421823 seconds.
  path: Assets/Svart.mat
  artifactKey: Guid(f54e8f2b605427f49bd4bb06cf6ce608) Importer(815301076,1909f56bfc062723c751e8b465ee728b)
Start importing Assets/Svart.mat using Guid(f54e8f2b605427f49bd4bb06cf6ce608) Importer(815301076,1909f56bfc062723c751e8b465ee728b)  -> (artifact id: 'ca1e8ba1133bd53dd9842c3ab2c8a317') in 0.118393 seconds
  Import took 0.288795 seconds .

========================================================================
Received Import Request.
  Time since last request: 12.383497 seconds.
  path: Assets/bomb.prefab
  artifactKey: Guid(7b79e28a13c2c994abd03146b2634a48) Importer(815301076,1909f56bfc062723c751e8b465ee728b)
Start importing Assets/bomb.prefab using Guid(7b79e28a13c2c994abd03146b2634a48) Importer(815301076,1909f56bfc062723c751e8b465ee728b)  -> (artifact id: 'c1a2d2b5257d7363f3de4e0407705b99') in 0.015011 seconds
  Import took 0.017611 seconds .

========================================================================
Received Import Request.
  Time since last request: 0.023920 seconds.
  path: Assets/bomb.prefab
  artifactKey: Guid(7b79e28a13c2c994abd03146b2634a48) Importer(815301076,1909f56bfc062723c751e8b465ee728b)
Start importing Assets/bomb.prefab using Guid(7b79e28a13c2c994abd03146b2634a48) Importer(815301076,1909f56bfc062723c751e8b465ee728b)  -> (artifact id: 'c1a2d2b5257d7363f3de4e0407705b99') in 0.006685 seconds
  Import took 0.009096 seconds .

========================================================================
Received Prepare
Registering precompiled user dll's ...
Registered in 0.255850 seconds.
Begin MonoManager ReloadAssembly
Native extension for WindowsStandalone target not found
Native extension for OSXStandalone target not found
Refreshing native plugins compatible for Editor in 0.30 ms, found 2 plugins.
Preloading 0 native plugins for Editor in 0.00 ms.
Mono: successfully reloaded assembly
- Completed reload, in  1.011 seconds
Platform modules already initialized, skipping
Refreshing native plugins compatible for Editor in 0.27 ms, found 2 plugins.
Preloading 0 native plugins for Editor in 0.00 ms.
Unloading 1382 Unused Serialized files (Serialized files now loaded: 0)
System memory in use before: 68.2 MB.
System memory in use after: 68.3 MB.

Unloading 14 unused Assets to reduce memory usage. Loaded Objects now: 1915.
Total: 1.763557 ms (FindLiveObjects: 0.121778 ms CreateObjectMapping: 0.038667 ms MarkObjects: 1.548001 ms  DeleteObjects: 0.053778 ms)

========================================================================
Received Prepare
Registering precompiled user dll's ...
Registered in 0.276994 seconds.
Begin MonoManager ReloadAssembly
Native extension for WindowsStandalone target not found
Native extension for OSXStandalone target not found
Refreshing native plugins compatible for Editor in 0.27 ms, found 2 plugins.
Preloading 0 native plugins for Editor in 0.00 ms.
Mono: successfully reloaded assembly
- Completed reload, in  1.112 seconds
Platform modules already initialized, skipping
Refreshing native plugins compatible for Editor in 0.32 ms, found 2 plugins.
Preloading 0 native plugins for Editor in 0.00 ms.
Unloading 1382 Unused Serialized files (Serialized files now loaded: 0)
System memory in use before: 68.2 MB.
System memory in use after: 68.3 MB.

Unloading 14 unused Assets to reduce memory usage. Loaded Objects now: 1918.
Total: 1.884446 ms (FindLiveObjects: 0.151111 ms CreateObjectMapping: 0.044000 ms MarkObjects: 1.635113 ms  DeleteObjects: 0.053333 ms)

========================================================================
Received Prepare
Registering precompiled user dll's ...
Registered in 0.006175 seconds.
Begin MonoManager ReloadAssembly
Native extension for WindowsStandalone target not found
Native extension for OSXStandalone target not found
Refreshing native plugins compatible for Editor in 0.27 ms, found 2 plugins.
Preloading 0 native plugins for Editor in 0.00 ms.
Mono: successfully reloaded assembly
- Completed reload, in  1.093 seconds
Platform modules already initialized, skipping
Refreshing native plugins compatible for Editor in 0.30 ms, found 2 plugins.
Preloading 0 native plugins for Editor in 0.00 ms.
Unloading 1382 Unused Serialized files (Serialized files now loaded: 0)
System memory in use before: 68.2 MB.
System memory in use after: 68.3 MB.

Unloading 14 unused Assets to reduce memory usage. Loaded Objects now: 1921.
Total: 2.960892 ms (FindLiveObjects: 0.234222 ms CreateObjectMapping: 0.073778 ms MarkObjects: 2.587558 ms  DeleteObjects: 0.063556 ms)

========================================================================
Received Prepare
Registering precompiled user dll's ...
Registered in 0.004116 seconds.
Begin MonoManager ReloadAssembly
Native extension for WindowsStandalone target not found
Native extension for OSXStandalone target not found
Refreshing native plugins compatible for Editor in 0.27 ms, found 2 plugins.
Preloading 0 native plugins for Editor in 0.00 ms.
Mono: successfully reloaded assembly
- Completed reload, in  0.858 seconds
Platform modules already initialized, skipping
Refreshing native plugins compatible for Editor in 0.29 ms, found 2 plugins.
Preloading 0 native plugins for Editor in 0.00 ms.
Unloading 1382 Unused Serialized files (Serialized files now loaded: 0)
System memory in use before: 68.2 MB.
System memory in use after: 68.3 MB.

Unloading 14 unused Assets to reduce memory usage. Loaded Objects now: 1924.
Total: 1.826224 ms (FindLiveObjects: 0.124889 ms CreateObjectMapping: 0.036000 ms MarkObjects: 1.618224 ms  DeleteObjects: 0.045778 ms)

========================================================================
Received Prepare
Registering precompiled user dll's ...
Registered in 0.003127 seconds.
Begin MonoManager ReloadAssembly
Native extension for WindowsStandalone target not found
Native extension for OSXStandalone target not found
Refreshing native plugins compatible for Editor in 0.27 ms, found 2 plugins.
Preloading 0 native plugins for Editor in 0.00 ms.
Mono: successfully reloaded assembly
- Completed reload, in  1.091 seconds
Platform modules already initialized, skipping
Refreshing native plugins compatible for Editor in 0.27 ms, found 2 plugins.
Preloading 0 native plugins for Editor in 0.00 ms.
Unloading 1382 Unused Serialized files (Serialized files now loaded: 0)
System memory in use before: 68.2 MB.
System memory in use after: 68.3 MB.

Unloading 14 unused Assets to reduce memory usage. Loaded Objects now: 1927.
Total: 2.256891 ms (FindLiveObjects: 0.355556 ms CreateObjectMapping: 0.117333 ms MarkObjects: 1.728890 ms  DeleteObjects: 0.052444 ms)

========================================================================
Received Prepare
Registering precompiled user dll's ...
Registered in 0.004973 seconds.
Begin MonoManager ReloadAssembly
Native extension for WindowsStandalone target not found
Native extension for OSXStandalone target not found
Refreshing native plugins compatible for Editor in 0.29 ms, found 2 plugins.
Preloading 0 native plugins for Editor in 0.00 ms.
Mono: successfully reloaded assembly
- Completed reload, in  1.065 seconds
Platform modules already initialized, skipping
Refreshing native plugins compatible for Editor in 0.43 ms, found 2 plugins.
Preloading 0 native plugins for Editor in 0.00 ms.
Unloading 1382 Unused Serialized files (Serialized files now loaded: 0)
System memory in use before: 68.2 MB.
System memory in use after: 68.3 MB.

Unloading 14 unused Assets to reduce memory usage. Loaded Objects now: 1930.
Total: 2.132002 ms (FindLiveObjects: 0.136889 ms CreateObjectMapping: 0.036444 ms MarkObjects: 1.904891 ms  DeleteObjects: 0.052889 ms)

========================================================================
Received Import Request.
  Time since last request: 15091.994878 seconds.
  path: Assets/Billet.prefab
  artifactKey: Guid(c06afc54502e99346a1066bbe80cc553) Importer(815301076,1909f56bfc062723c751e8b465ee728b)
Start importing Assets/Billet.prefab using Guid(c06afc54502e99346a1066bbe80cc553) Importer(815301076,1909f56bfc062723c751e8b465ee728b)  -> (artifact id: '94cf979c2f0261f9a3904e67086e5ec0') in 0.165730 seconds
  Import took 0.176605 seconds .

========================================================================
Received Import Request.
  Time since last request: 12.858406 seconds.
  path: Assets/Alien.prefab
  artifactKey: Guid(f33c91ce2b51a324f8aa142e3e58ba8e) Importer(815301076,1909f56bfc062723c751e8b465ee728b)
Start importing Assets/Alien.prefab using Guid(f33c91ce2b51a324f8aa142e3e58ba8e) Importer(815301076,1909f56bfc062723c751e8b465ee728b)  -> (artifact id: '75bea406f27bed84671e139cb26b45d2') in 0.040862 seconds
  Import took 0.059354 seconds .

========================================================================
Received Import Request.
  Time since last request: 0.001290 seconds.
  path: Assets/Alien.prefab
  artifactKey: Guid(f33c91ce2b51a324f8aa142e3e58ba8e) Importer(815301076,1909f56bfc062723c751e8b465ee728b)
Start importing Assets/Alien.prefab using Guid(f33c91ce2b51a324f8aa142e3e58ba8e) Importer(815301076,1909f56bfc062723c751e8b465ee728b)  -> (artifact id: '75bea406f27bed84671e139cb26b45d2') in 0.010123 seconds
  Import took 0.013776 seconds .

========================================================================
Received Import Request.
  Time since last request: 2.716671 seconds.
  path: Assets/Alien.prefab
  artifactKey: Guid(f33c91ce2b51a324f8aa142e3e58ba8e) Importer(815301076,1909f56bfc062723c751e8b465ee728b)
Start importing Assets/Alien.prefab using Guid(f33c91ce2b51a324f8aa142e3e58ba8e) Importer(815301076,1909f56bfc062723c751e8b465ee728b)  -> (artifact id: '3494c46083bec26dbeb01150bd870993') in 0.007491 seconds
  Import took 0.080773 seconds .

========================================================================
Received Import Request.
  Time since last request: 4.324059 seconds.
  path: Assets/Billet.prefab
  artifactKey: Guid(c06afc54502e99346a1066bbe80cc553) Importer(815301076,1909f56bfc062723c751e8b465ee728b)
Start importing Assets/Billet.prefab using Guid(c06afc54502e99346a1066bbe80cc553) Importer(815301076,1909f56bfc062723c751e8b465ee728b)  -> (artifact id: '873c10037378b8d9dea93e4cb46bf671') in 0.011105 seconds
  Import took 0.013774 seconds .

========================================================================
Received Import Request.
  Time since last request: 4.097536 seconds.
  path: Assets/bomb.prefab
  artifactKey: Guid(7b79e28a13c2c994abd03146b2634a48) Importer(815301076,1909f56bfc062723c751e8b465ee728b)
Start importing Assets/bomb.prefab using Guid(7b79e28a13c2c994abd03146b2634a48) Importer(815301076,1909f56bfc062723c751e8b465ee728b)  -> (artifact id: 'ebfc93a9bc06ef0cb89c72d344b1be69') in 0.022058 seconds
  Import took 0.046556 seconds .

========================================================================
Received Import Request.
  Time since last request: 3.628179 seconds.
  path: Assets/bomb.prefab
  artifactKey: Guid(7b79e28a13c2c994abd03146b2634a48) Importer(815301076,1909f56bfc062723c751e8b465ee728b)
Start importing Assets/bomb.prefab using Guid(7b79e28a13c2c994abd03146b2634a48) Importer(815301076,1909f56bfc062723c751e8b465ee728b)  -> (artifact id: '3895f35fc84839331e2fe5df58a122b6') in 0.010528 seconds
  Import took 0.027233 seconds .

========================================================================
Received Prepare
Registering precompiled user dll's ...
Registered in 0.003736 seconds.
Begin MonoManager ReloadAssembly
Native extension for WindowsStandalone target not found
Native extension for OSXStandalone target not found
Refreshing native plugins compatible for Editor in 0.27 ms, found 2 plugins.
Preloading 0 native plugins for Editor in 0.00 ms.
Mono: successfully reloaded assembly
- Completed reload, in  0.965 seconds
Platform modules already initialized, skipping
Refreshing native plugins compatible for Editor in 0.29 ms, found 2 plugins.
Preloading 0 native plugins for Editor in 0.00 ms.
Unloading 1382 Unused Serialized files (Serialized files now loaded: 0)
System memory in use before: 68.2 MB.
System memory in use after: 68.3 MB.

Unloading 15 unused Assets to reduce memory usage. Loaded Objects now: 1934.
Total: 3.748448 ms (FindLiveObjects: 0.154222 ms CreateObjectMapping: 0.084445 ms MarkObjects: 3.409336 ms  DeleteObjects: 0.098667 ms)

========================================================================
Received Prepare
Registering precompiled user dll's ...
Registered in 0.003011 seconds.
Begin MonoManager ReloadAssembly
Native extension for WindowsStandalone target not found
Native extension for OSXStandalone target not found
Refreshing native plugins compatible for Editor in 0.26 ms, found 2 plugins.
Preloading 0 native plugins for Editor in 0.00 ms.
Mono: successfully reloaded assembly
- Completed reload, in  0.876 seconds
Platform modules already initialized, skipping
Refreshing native plugins compatible for Editor in 0.26 ms, found 2 plugins.
Preloading 0 native plugins for Editor in 0.00 ms.
Unloading 1382 Unused Serialized files (Serialized files now loaded: 0)
System memory in use before: 68.2 MB.
System memory in use after: 68.3 MB.

Unloading 14 unused Assets to reduce memory usage. Loaded Objects now: 1937.
Total: 1.689779 ms (FindLiveObjects: 0.123111 ms CreateObjectMapping: 0.034222 ms MarkObjects: 1.465335 ms  DeleteObjects: 0.066222 ms)

========================================================================
Received Import Request.
  Time since last request: 861.278405 seconds.
  path: Assets/bomb.prefab
  artifactKey: Guid(7b79e28a13c2c994abd03146b2634a48) Importer(815301076,1909f56bfc062723c751e8b465ee728b)
Start importing Assets/bomb.prefab using Guid(7b79e28a13c2c994abd03146b2634a48) Importer(815301076,1909f56bfc062723c751e8b465ee728b)  -> (artifact id: '9451d116193696423964fba1f4c94242') in 0.049768 seconds
  Import took 0.051813 seconds .

========================================================================
Received Import Request.
  Time since last request: 0.000252 seconds.
  path: Assets/Alien.prefab
  artifactKey: Guid(f33c91ce2b51a324f8aa142e3e58ba8e) Importer(815301076,1909f56bfc062723c751e8b465ee728b)
Start importing Assets/Alien.prefab using Guid(f33c91ce2b51a324f8aa142e3e58ba8e) Importer(815301076,1909f56bfc062723c751e8b465ee728b)  -> (artifact id: '1f990fd112b3ddfd6d2da0d220b3a7fd') in 0.008012 seconds
  Import took 0.055756 seconds .

========================================================================
Received Import Request.
  Time since last request: 0.000300 seconds.
  path: Assets/Billet.prefab
  artifactKey: Guid(c06afc54502e99346a1066bbe80cc553) Importer(815301076,1909f56bfc062723c751e8b465ee728b)
Start importing Assets/Billet.prefab using Guid(c06afc54502e99346a1066bbe80cc553) Importer(815301076,1909f56bfc062723c751e8b465ee728b)  -> (artifact id: '445d8abea1f99f24b863d586f4787871') in 0.008900 seconds
  Import took 0.011592 seconds .

========================================================================
Received Import Request.
  Time since last request: 348.166156 seconds.
  path: Assets/crabba.png
  artifactKey: Guid(66933e341678f9a4db0a289a91eaa5f4) Importer(815301076,1909f56bfc062723c751e8b465ee728b)
Start importing Assets/crabba.png using Guid(66933e341678f9a4db0a289a91eaa5f4) Importer(815301076,1909f56bfc062723c751e8b465ee728b)  -> (artifact id: 'c5be5ea3c64a6c140a63f48f611b36de') in 0.071865 seconds
  Import took 0.085168 seconds .

========================================================================
Received Import Request.
  Time since last request: 8.896392 seconds.
  path: Assets/crabba.png
  artifactKey: Guid(66933e341678f9a4db0a289a91eaa5f4) Importer(815301076,1909f56bfc062723c751e8b465ee728b)
Start importing Assets/crabba.png using Guid(66933e341678f9a4db0a289a91eaa5f4) Importer(815301076,1909f56bfc062723c751e8b465ee728b)  -> (artifact id: '9d23406572739a670b61373cad3a0a6e') in 0.030180 seconds
  Import took 0.032563 seconds .

========================================================================
Received Import Request.
  Time since last request: 30.892506 seconds.
  path: Assets/Porato.png
  artifactKey: Guid(96600ee0c6c1ce14cb4cb3603f4560d6) Importer(815301076,1909f56bfc062723c751e8b465ee728b)
Start importing Assets/Porato.png using Guid(96600ee0c6c1ce14cb4cb3603f4560d6) Importer(815301076,1909f56bfc062723c751e8b465ee728b)  -> (artifact id: 'a2094a3c2ce0449f6175a5db2db70a6a') in 0.016164 seconds
  Import took 0.019240 seconds .

========================================================================
Received Import Request.
  Time since last request: 6.483051 seconds.
  path: Assets/Porato.png
  artifactKey: Guid(96600ee0c6c1ce14cb4cb3603f4560d6) Importer(815301076,1909f56bfc062723c751e8b465ee728b)
Start importing Assets/Porato.png using Guid(96600ee0c6c1ce14cb4cb3603f4560d6) Importer(815301076,1909f56bfc062723c751e8b465ee728b)  -> (artifact id: '9d8c467a4b9d26cdfe8a4c6b0bd01f8c') in 0.016234 seconds
  Import took 0.018880 seconds .

========================================================================
Received Import Request.
  Time since last request: 47.823250 seconds.
  path: Assets/Fiskedammbiljetter.png
  artifactKey: Guid(f5b30ddde176ae048bc9f92a05b63785) Importer(815301076,1909f56bfc062723c751e8b465ee728b)
Start importing Assets/Fiskedammbiljetter.png using Guid(f5b30ddde176ae048bc9f92a05b63785) Importer(815301076,1909f56bfc062723c751e8b465ee728b)  -> (artifact id: 'b358929ec121190badac246244d48103') in 0.017417 seconds
  Import took 0.056562 seconds .

========================================================================
Received Import Request.
  Time since last request: 8.975807 seconds.
  path: Assets/Fiskedammbiljetter.png
  artifactKey: Guid(f5b30ddde176ae048bc9f92a05b63785) Importer(815301076,1909f56bfc062723c751e8b465ee728b)
Start importing Assets/Fiskedammbiljetter.png using Guid(f5b30ddde176ae048bc9f92a05b63785) Importer(815301076,1909f56bfc062723c751e8b465ee728b)  -> (artifact id: '95c5f4ea570644ca3e8f35148698f43a') in 0.014573 seconds
  Import took 0.017005 seconds .

========================================================================
Received Import Request.
  Time since last request: 0.000653 seconds.
  path: Assets/Fiskedammbiljetter.png
  artifactKey: Guid(f5b30ddde176ae048bc9f92a05b63785) Importer(815301076,1909f56bfc062723c751e8b465ee728b)
Start importing Assets/Fiskedammbiljetter.png using Guid(f5b30ddde176ae048bc9f92a05b63785) Importer(815301076,1909f56bfc062723c751e8b465ee728b)  -> (artifact id: '95c5f4ea570644ca3e8f35148698f43a') in 0.014908 seconds
  Import took 0.017226 seconds .

========================================================================
Received Import Request.
  Time since last request: 7.136037 seconds.
  path: Assets/Fiskedammbiljetter.png
  artifactKey: Guid(f5b30ddde176ae048bc9f92a05b63785) Importer(815301076,1909f56bfc062723c751e8b465ee728b)
Start importing Assets/Fiskedammbiljetter.png using Guid(f5b30ddde176ae048bc9f92a05b63785) Importer(815301076,1909f56bfc062723c751e8b465ee728b)  -> (artifact id: 'efdd2aec3e79ec313ca2858772784265') in 0.016232 seconds
  Import took 0.018874 seconds .

========================================================================
Received Prepare
Registering precompiled user dll's ...
Registered in 0.002716 seconds.
Begin MonoManager ReloadAssembly
Native extension for WindowsStandalone target not found
Native extension for OSXStandalone target not found
Refreshing native plugins compatible for Editor in 0.31 ms, found 2 plugins.
Preloading 0 native plugins for Editor in 0.00 ms.
Mono: successfully reloaded assembly
- Completed reload, in  1.142 seconds
Platform modules already initialized, skipping
Refreshing native plugins compatible for Editor in 0.32 ms, found 2 plugins.
Preloading 0 native plugins for Editor in 0.00 ms.
Unloading 1416 Unused Serialized files (Serialized files now loaded: 0)
System memory in use before: 69.3 MB.
System memory in use after: 69.4 MB.

Unloading 15 unused Assets to reduce memory usage. Loaded Objects now: 1983.
Total: 2.355558 ms (FindLiveObjects: 0.147556 ms CreateObjectMapping: 0.045333 ms MarkObjects: 2.076002 ms  DeleteObjects: 0.085778 ms)

========================================================================
Received Import Request.
  Time since last request: 180.217025 seconds.
  path: Assets/Fiskedammbiljetter.png
  artifactKey: Guid(f5b30ddde176ae048bc9f92a05b63785) Importer(815301076,1909f56bfc062723c751e8b465ee728b)
Start importing Assets/Fiskedammbiljetter.png using Guid(f5b30ddde176ae048bc9f92a05b63785) Importer(815301076,1909f56bfc062723c751e8b465ee728b)  -> (artifact id: '793fa78468eb8c3a9839402d93adda8e') in 0.069622 seconds
  Import took 0.072335 seconds .

========================================================================
Received Import Request.
  Time since last request: 4.942624 seconds.
  path: Assets/Brun.mat
  artifactKey: Guid(7fd4afc24747dae4fa3fec8523838879) Importer(815301076,1909f56bfc062723c751e8b465ee728b)
Start importing Assets/Brun.mat using Guid(7fd4afc24747dae4fa3fec8523838879) Importer(815301076,1909f56bfc062723c751e8b465ee728b)  -> (artifact id: 'cb5c786a78b0e1c313ec2c2461579dfb') in 0.066911 seconds
  Import took 0.069116 seconds .

========================================================================
Received Import Request.
  Time since last request: 0.000276 seconds.
  path: Assets/Grön.mat
  artifactKey: Guid(b3bfdde632aba2e4c98e49e5f7743ccc) Importer(815301076,1909f56bfc062723c751e8b465ee728b)
Start importing Assets/Grön.mat using Guid(b3bfdde632aba2e4c98e49e5f7743ccc) Importer(815301076,1909f56bfc062723c751e8b465ee728b)  -> (artifact id: '339d7a62ee6439c398c5c13990380e99') in 0.016666 seconds
  Import took 0.018800 seconds .

========================================================================
Received Import Request.
  Time since last request: 0.000189 seconds.
  path: Assets/Svart.mat
  artifactKey: Guid(f54e8f2b605427f49bd4bb06cf6ce608) Importer(815301076,1909f56bfc062723c751e8b465ee728b)
Start importing Assets/Svart.mat using Guid(f54e8f2b605427f49bd4bb06cf6ce608) Importer(815301076,1909f56bfc062723c751e8b465ee728b)  -> (artifact id: '8de45ca2a47aa9f0b05b6576e13f6ff2') in 0.015308 seconds
  Import took 0.017592 seconds .

========================================================================
Received Prepare
Registering precompiled user dll's ...
Registered in 0.002831 seconds.
Begin MonoManager ReloadAssembly
Native extension for WindowsStandalone target not found
Native extension for OSXStandalone target not found
Refreshing native plugins compatible for Editor in 0.29 ms, found 2 plugins.
Preloading 0 native plugins for Editor in 0.00 ms.
Mono: successfully reloaded assembly
- Completed reload, in  1.113 seconds
Platform modules already initialized, skipping
Refreshing native plugins compatible for Editor in 0.29 ms, found 2 plugins.
Preloading 0 native plugins for Editor in 0.00 ms.
Unloading 1416 Unused Serialized files (Serialized files now loaded: 0)
System memory in use before: 69.3 MB.
System memory in use after: 69.4 MB.

Unloading 14 unused Assets to reduce memory usage. Loaded Objects now: 1989.
Total: 2.974669 ms (FindLiveObjects: 0.353778 ms CreateObjectMapping: 0.145778 ms MarkObjects: 2.412891 ms  DeleteObjects: 0.059556 ms)

========================================================================
Received Prepare
Registering precompiled user dll's ...
Registered in 0.003180 seconds.
Begin MonoManager ReloadAssembly
Native extension for WindowsStandalone target not found
Native extension for OSXStandalone target not found
Refreshing native plugins compatible for Editor in 0.28 ms, found 2 plugins.
Preloading 0 native plugins for Editor in 0.00 ms.
Mono: successfully reloaded assembly
- Completed reload, in  1.114 seconds
Platform modules already initialized, skipping
Refreshing native plugins compatible for Editor in 0.48 ms, found 2 plugins.
Preloading 0 native plugins for Editor in 0.00 ms.
Unloading 1416 Unused Serialized files (Serialized files now loaded: 0)
System memory in use before: 69.3 MB.
System memory in use after: 69.4 MB.

Unloading 14 unused Assets to reduce memory usage. Loaded Objects now: 1992.
Total: 1.917779 ms (FindLiveObjects: 0.148000 ms CreateObjectMapping: 0.036889 ms MarkObjects: 1.689335 ms  DeleteObjects: 0.043111 ms)

========================================================================
Received Prepare
Registering precompiled user dll's ...
Registered in 0.004164 seconds.
Begin MonoManager ReloadAssembly
Native extension for WindowsStandalone target not found
Native extension for OSXStandalone target not found
Refreshing native plugins compatible for Editor in 0.40 ms, found 2 plugins.
Preloading 0 native plugins for Editor in 0.00 ms.
Mono: successfully reloaded assembly
- Completed reload, in  1.077 seconds
Platform modules already initialized, skipping
Refreshing native plugins compatible for Editor in 0.31 ms, found 2 plugins.
Preloading 0 native plugins for Editor in 0.00 ms.
Unloading 1416 Unused Serialized files (Serialized files now loaded: 0)
System memory in use before: 69.3 MB.
System memory in use after: 69.4 MB.

Unloading 14 unused Assets to reduce memory usage. Loaded Objects now: 1995.
Total: 2.046668 ms (FindLiveObjects: 0.188889 ms CreateObjectMapping: 0.044889 ms MarkObjects: 1.759113 ms  DeleteObjects: 0.053333 ms)

========================================================================
Received Import Request.
  Time since last request: 274.222506 seconds.
  path: Assets/bomb.prefab
  artifactKey: Guid(7b79e28a13c2c994abd03146b2634a48) Importer(815301076,1909f56bfc062723c751e8b465ee728b)
Start importing Assets/bomb.prefab using Guid(7b79e28a13c2c994abd03146b2634a48) Importer(815301076,1909f56bfc062723c751e8b465ee728b)  -> (artifact id: 'afd285060ac1b9dfd6f9362edbb161cc') in 0.092425 seconds
  Import took 0.096995 seconds .

========================================================================
Received Prepare
Registering precompiled user dll's ...
Registered in 0.004821 seconds.
Begin MonoManager ReloadAssembly
Native extension for WindowsStandalone target not found
Native extension for OSXStandalone target not found
Refreshing native plugins compatible for Editor in 0.27 ms, found 2 plugins.
Preloading 0 native plugins for Editor in 0.00 ms.
Mono: successfully reloaded assembly
- Completed reload, in  1.017 seconds
Platform modules already initialized, skipping
Refreshing native plugins compatible for Editor in 0.37 ms, found 2 plugins.
Preloading 0 native plugins for Editor in 0.00 ms.
Unloading 1416 Unused Serialized files (Serialized files now loaded: 0)
System memory in use before: 69.4 MB.
System memory in use after: 69.4 MB.

Unloading 14 unused Assets to reduce memory usage. Loaded Objects now: 1999.
Total: 2.049780 ms (FindLiveObjects: 0.167111 ms CreateObjectMapping: 0.042667 ms MarkObjects: 1.788890 ms  DeleteObjects: 0.050222 ms)

========================================================================
Received Prepare
Registering precompiled user dll's ...
Registered in 0.003268 seconds.
Begin MonoManager ReloadAssembly
Native extension for WindowsStandalone target not found
Native extension for OSXStandalone target not found
Refreshing native plugins compatible for Editor in 0.29 ms, found 2 plugins.
Preloading 0 native plugins for Editor in 0.00 ms.
Mono: successfully reloaded assembly
- Completed reload, in  0.850 seconds
Platform modules already initialized, skipping
Refreshing native plugins compatible for Editor in 0.30 ms, found 2 plugins.
Preloading 0 native plugins for Editor in 0.00 ms.
Unloading 1416 Unused Serialized files (Serialized files now loaded: 0)
System memory in use before: 69.4 MB.
System memory in use after: 69.4 MB.

Unloading 14 unused Assets to reduce memory usage. Loaded Objects now: 2002.
Total: 1.862668 ms (FindLiveObjects: 0.171111 ms CreateObjectMapping: 0.038222 ms MarkObjects: 1.605779 ms  DeleteObjects: 0.046667 ms)

========================================================================
Received Prepare
Registering precompiled user dll's ...
Registered in 0.002665 seconds.
Begin MonoManager ReloadAssembly
Native extension for WindowsStandalone target not found
Native extension for OSXStandalone target not found
Refreshing native plugins compatible for Editor in 0.29 ms, found 2 plugins.
Preloading 0 native plugins for Editor in 0.00 ms.
Mono: successfully reloaded assembly
- Completed reload, in  0.864 seconds
Platform modules already initialized, skipping
Refreshing native plugins compatible for Editor in 0.28 ms, found 2 plugins.
Preloading 0 native plugins for Editor in 0.00 ms.
Unloading 1416 Unused Serialized files (Serialized files now loaded: 0)
System memory in use before: 69.4 MB.
System memory in use after: 69.5 MB.

Unloading 14 unused Assets to reduce memory usage. Loaded Objects now: 2005.
Total: 1.712890 ms (FindLiveObjects: 0.147111 ms CreateObjectMapping: 0.037778 ms MarkObjects: 1.485779 ms  DeleteObjects: 0.040889 ms)

========================================================================
Received Import Request.
  Time since last request: 775.549491 seconds.
  path: Assets/Alien.prefab
  artifactKey: Guid(f33c91ce2b51a324f8aa142e3e58ba8e) Importer(815301076,1909f56bfc062723c751e8b465ee728b)
Start importing Assets/Alien.prefab using Guid(f33c91ce2b51a324f8aa142e3e58ba8e) Importer(815301076,1909f56bfc062723c751e8b465ee728b)  -> (artifact id: 'b6febfb50f7455b166adbb2701eff70e') in 0.047085 seconds
  Import took 0.049252 seconds .

========================================================================
Received Prepare
Registering precompiled user dll's ...
Registered in 0.002830 seconds.
Begin MonoManager ReloadAssembly
Native extension for WindowsStandalone target not found
Native extension for OSXStandalone target not found
Refreshing native plugins compatible for Editor in 0.29 ms, found 2 plugins.
Preloading 0 native plugins for Editor in 0.00 ms.
Mono: successfully reloaded assembly
- Completed reload, in  0.884 seconds
Platform modules already initialized, skipping
Refreshing native plugins compatible for Editor in 0.28 ms, found 2 plugins.
Preloading 0 native plugins for Editor in 0.00 ms.
Unloading 1416 Unused Serialized files (Serialized files now loaded: 0)
System memory in use before: 69.4 MB.
System memory in use after: 69.5 MB.

Unloading 14 unused Assets to reduce memory usage. Loaded Objects now: 2009.
Total: 2.093780 ms (FindLiveObjects: 0.164445 ms CreateObjectMapping: 0.050667 ms MarkObjects: 1.812891 ms  DeleteObjects: 0.065333 ms)

========================================================================
Received Import Request.
  Time since last request: 66936.423168 seconds.
  path: Assets/Particle.mat
  artifactKey: Guid(51b1428bc36d7bb4888c41885d08ab11) Importer(815301076,1909f56bfc062723c751e8b465ee728b)
Start importing Assets/Particle.mat using Guid(51b1428bc36d7bb4888c41885d08ab11) Importer(815301076,1909f56bfc062723c751e8b465ee728b)  -> (artifact id: '904d3b9a1baabac1c92fd9c0d34d0629') in 0.201247 seconds
  Import took 0.253842 seconds .

========================================================================
Received Prepare
Registering precompiled user dll's ...
Registered in 0.338095 seconds.
Begin MonoManager ReloadAssembly
Native extension for WindowsStandalone target not found
Native extension for OSXStandalone target not found
Refreshing native plugins compatible for Editor in 0.30 ms, found 2 plugins.
Preloading 0 native plugins for Editor in 0.00 ms.
Mono: successfully reloaded assembly
- Completed reload, in  1.073 seconds
Platform modules already initialized, skipping
Refreshing native plugins compatible for Editor in 0.27 ms, found 2 plugins.
Preloading 0 native plugins for Editor in 0.00 ms.
Unloading 1416 Unused Serialized files (Serialized files now loaded: 0)
System memory in use before: 69.4 MB.
System memory in use after: 69.5 MB.

Unloading 14 unused Assets to reduce memory usage. Loaded Objects now: 2013.
Total: 2.048002 ms (FindLiveObjects: 0.167556 ms CreateObjectMapping: 0.044000 ms MarkObjects: 1.733779 ms  DeleteObjects: 0.099556 ms)

========================================================================
Received Prepare
Registering precompiled user dll's ...
Registered in 0.002704 seconds.
Begin MonoManager ReloadAssembly
Native extension for WindowsStandalone target not found
Native extension for OSXStandalone target not found
Refreshing native plugins compatible for Editor in 0.66 ms, found 2 plugins.
Preloading 0 native plugins for Editor in 0.00 ms.
Mono: successfully reloaded assembly
- Completed reload, in  0.829 seconds
Platform modules already initialized, skipping
Refreshing native plugins compatible for Editor in 0.28 ms, found 2 plugins.
Preloading 0 native plugins for Editor in 0.00 ms.
Unloading 1416 Unused Serialized files (Serialized files now loaded: 0)
System memory in use before: 69.4 MB.
System memory in use after: 69.5 MB.

Unloading 14 unused Assets to reduce memory usage. Loaded Objects now: 2016.
Total: 1.907557 ms (FindLiveObjects: 0.176445 ms CreateObjectMapping: 0.037333 ms MarkObjects: 1.649779 ms  DeleteObjects: 0.043111 ms)

========================================================================
Received Import Request.
  Time since last request: 79574.113154 seconds.
  path: Assets/Particle.mat
  artifactKey: Guid(51b1428bc36d7bb4888c41885d08ab11) Importer(815301076,1909f56bfc062723c751e8b465ee728b)
Start importing Assets/Particle.mat using Guid(51b1428bc36d7bb4888c41885d08ab11) Importer(815301076,1909f56bfc062723c751e8b465ee728b)  -> (artifact id: '8ed5452700360aee25c3fc2d01e8418a') in 0.432921 seconds
  Import took 0.525623 seconds .

========================================================================
Received Import Request.
  Time since last request: 924.603867 seconds.
  path: Assets/Particle2.mat
  artifactKey: Guid(aa7c80db125a9a044a43e6a2a357bd02) Importer(815301076,1909f56bfc062723c751e8b465ee728b)
Start importing Assets/Particle2.mat using Guid(aa7c80db125a9a044a43e6a2a357bd02) Importer(815301076,1909f56bfc062723c751e8b465ee728b)  -> (artifact id: '7ed5f5dfc71939abeee7befd1d42eeb6') in 0.034981 seconds
  Import took 0.039164 seconds .

========================================================================
Received Import Request.
  Time since last request: 3117.863720 seconds.
  path: Assets/Particle2.mat
  artifactKey: Guid(aa7c80db125a9a044a43e6a2a357bd02) Importer(815301076,1909f56bfc062723c751e8b465ee728b)
Start importing Assets/Particle2.mat using Guid(aa7c80db125a9a044a43e6a2a357bd02) Importer(815301076,1909f56bfc062723c751e8b465ee728b)  -> (artifact id: '3d148a0fb99e929e8cccb102427ea361') in 0.064809 seconds
  Import took 0.086621 seconds .

